<?xml version="1.0" encoding="UTF-8"?>
<coverage generated="1700227215996" clover="3.2.0">
  <project timestamp="1700227215996" name="All files">
    <metrics statements="66" coveredstatements="66" conditionals="32" coveredconditionals="31" methods="15" coveredmethods="15" elements="113" coveredelements="112" complexity="0" loc="66" ncloc="66" packages="5" files="9" classes="9"/>
    <package name="src">
      <metrics statements="13" coveredstatements="13" conditionals="0" coveredconditionals="0" methods="2" coveredmethods="2"/>
      <file name="App.tsx" path="/Users/nandhinir/learning/React-Jest/deck-of-cards/src/App.tsx">
        <metrics statements="1" coveredstatements="1" conditionals="0" coveredconditionals="0" methods="1" coveredmethods="1"/>
        <line num="5" count="1" type="stmt"/>
      </file>
      <file name="cardEntities.ts" path="/Users/nandhinir/learning/React-Jest/deck-of-cards/src/cardEntities.ts">
        <metrics statements="1" coveredstatements="1" conditionals="0" coveredconditionals="0" methods="0" coveredmethods="0"/>
        <line num="1" count="3" type="stmt"/>
      </file>
      <file name="index.tsx" path="/Users/nandhinir/learning/React-Jest/deck-of-cards/src/index.tsx">
        <metrics statements="3" coveredstatements="3" conditionals="0" coveredconditionals="0" methods="0" coveredmethods="0"/>
        <line num="7" count="1" type="stmt"/>
        <line num="10" count="1" type="stmt"/>
        <line num="19" count="1" type="stmt"/>
      </file>
      <file name="types.ts" path="/Users/nandhinir/learning/React-Jest/deck-of-cards/src/types.ts">
        <metrics statements="0" coveredstatements="0" conditionals="0" coveredconditionals="0" methods="0" coveredmethods="0"/>
      </file>
      <file name="utils.ts" path="/Users/nandhinir/learning/React-Jest/deck-of-cards/src/utils.ts">
        <metrics statements="8" coveredstatements="8" conditionals="0" coveredconditionals="0" methods="1" coveredmethods="1"/>
        <line num="1" count="3" type="stmt"/>
        <line num="2" count="3" type="stmt"/>
        <line num="4" count="3" type="stmt"/>
        <line num="5" count="3" type="stmt"/>
        <line num="6" count="3" type="stmt"/>
        <line num="7" count="12" type="stmt"/>
        <line num="8" count="156" type="stmt"/>
        <line num="11" count="3" type="stmt"/>
      </file>
    </package>
    <package name="src.components.Button">
      <metrics statements="2" coveredstatements="2" conditionals="2" coveredconditionals="2" methods="1" coveredmethods="1"/>
      <file name="Button.tsx" path="/Users/nandhinir/learning/React-Jest/deck-of-cards/src/components/Button/Button.tsx">
        <metrics statements="2" coveredstatements="2" conditionals="2" coveredconditionals="2" methods="1" coveredmethods="1"/>
        <line num="11" count="3" type="stmt"/>
        <line num="12" count="71" type="stmt"/>
      </file>
    </package>
    <package name="src.components.Card">
      <metrics statements="4" coveredstatements="4" conditionals="6" coveredconditionals="5" methods="1" coveredmethods="1"/>
      <file name="Card.tsx" path="/Users/nandhinir/learning/React-Jest/deck-of-cards/src/components/Card/Card.tsx">
        <metrics statements="4" coveredstatements="4" conditionals="6" coveredconditionals="5" methods="1" coveredmethods="1"/>
        <line num="10" count="3" type="stmt"/>
        <line num="11" count="1144" type="stmt"/>
        <line num="12" count="1144" type="stmt"/>
        <line num="13" count="1144" type="stmt"/>
      </file>
    </package>
    <package name="src.components.DeckOfCards">
      <metrics statements="3" coveredstatements="3" conditionals="4" coveredconditionals="4" methods="2" coveredmethods="2"/>
      <file name="DeckOfCards.tsx" path="/Users/nandhinir/learning/React-Jest/deck-of-cards/src/components/DeckOfCards/DeckOfCards.tsx">
        <metrics statements="3" coveredstatements="3" conditionals="4" coveredconditionals="4" methods="2" coveredmethods="2"/>
        <line num="14" count="3" type="stmt"/>
        <line num="21" count="44" type="stmt"/>
        <line num="30" count="1144" type="stmt"/>
      </file>
    </package>
    <package name="src.features.CardsPage">
      <metrics statements="44" coveredstatements="44" conditionals="20" coveredconditionals="20" methods="9" coveredmethods="9"/>
      <file name="CardsPage.tsx" path="/Users/nandhinir/learning/React-Jest/deck-of-cards/src/features/CardsPage/CardsPage.tsx">
        <metrics statements="44" coveredstatements="44" conditionals="20" coveredconditionals="20" methods="9" coveredmethods="9"/>
        <line num="8" count="3" type="stmt"/>
        <line num="9" count="3" type="stmt"/>
        <line num="11" count="3" type="stmt"/>
        <line num="12" count="22" type="stmt"/>
        <line num="13" count="22" type="stmt"/>
        <line num="14" count="22" type="stmt"/>
        <line num="15" count="22" type="stmt"/>
        <line num="16" count="22" type="stmt"/>
        <line num="21" count="22" type="stmt"/>
        <line num="22" count="446" type="stmt"/>
        <line num="23" count="2" type="stmt"/>
        <line num="27" count="22" type="stmt"/>
        <line num="28" count="4" type="stmt"/>
        <line num="29" count="4" type="stmt"/>
        <line num="30" count="4" type="stmt"/>
        <line num="31" count="4" type="stmt"/>
        <line num="32" count="4" type="stmt"/>
        <line num="36" count="22" type="stmt"/>
        <line num="37" count="5" type="stmt"/>
        <line num="38" count="5" type="cond" truecount="2" falsecount="0"/>
        <line num="39" count="1" type="stmt"/>
        <line num="41" count="4" type="stmt"/>
        <line num="42" count="4" type="stmt"/>
        <line num="43" count="4" type="stmt"/>
        <line num="47" count="22" type="stmt"/>
        <line num="48" count="5" type="stmt"/>
        <line num="49" count="5" type="cond" truecount="4" falsecount="0"/>
        <line num="50" count="1" type="stmt"/>
        <line num="52" count="4" type="stmt"/>
        <line num="57" count="22" type="stmt"/>
        <line num="58" count="2" type="stmt"/>
        <line num="59" count="8" type="stmt"/>
        <line num="60" count="8" type="cond" truecount="2" falsecount="0"/>
        <line num="61" count="6" type="stmt"/>
        <line num="63" count="2" type="stmt"/>
        <line num="65" count="2" type="cond" truecount="2" falsecount="0"/>
        <line num="66" count="2" type="stmt"/>
        <line num="70" count="22" type="stmt"/>
        <line num="71" count="1" type="stmt"/>
        <line num="72" count="1" type="stmt"/>
        <line num="73" count="1" type="stmt"/>
        <line num="74" count="1" type="stmt"/>
        <line num="75" count="1" type="stmt"/>
        <line num="78" count="22" type="stmt"/>
      </file>
    </package>
  </project>
</coverage>
