{"/Users/nandhinir/learning/React-Jest/deck-of-cards/src/App.tsx": {"path":"/Users/nandhinir/learning/React-Jest/deck-of-cards/src/App.tsx","statementMap":{"0":{"start":{"line":5,"column":2},"end":{"line":9,"column":4}}},"fnMap":{"0":{"name":"App","decl":{"start":{"line":4,"column":9},"end":{"line":4,"column":12}},"loc":{"start":{"line":4,"column":15},"end":{"line":10,"column":1}},"line":4}},"branchMap":{},"s":{"0":1},"f":{"0":1},"b":{},"_coverageSchema":"1a1c01bbd47fc00a2c39e90264f33305004495a9","hash":"9a8d78a95d9f17fdb4c67e94a12070252690de92"}
,"/Users/nandhinir/learning/React-Jest/deck-of-cards/src/cardEntities.ts": {"path":"/Users/nandhinir/learning/React-Jest/deck-of-cards/src/cardEntities.ts","statementMap":{"0":{"start":{"line":1,"column":33},"end":{"line":55,"column":1}}},"fnMap":{},"branchMap":{},"s":{"0":3},"f":{},"b":{},"_coverageSchema":"1a1c01bbd47fc00a2c39e90264f33305004495a9","hash":"5d4da4307e1d998381f4bc3a990dd5ee899b32f9"}
,"/Users/nandhinir/learning/React-Jest/deck-of-cards/src/index.tsx": {"path":"/Users/nandhinir/learning/React-Jest/deck-of-cards/src/index.tsx","statementMap":{"0":{"start":{"line":7,"column":13},"end":{"line":9,"column":1}},"1":{"start":{"line":10,"column":0},"end":{"line":14,"column":2}},"2":{"start":{"line":19,"column":0},"end":{"line":19,"column":18}}},"fnMap":{},"branchMap":{},"s":{"0":1,"1":1,"2":1},"f":{},"b":{},"_coverageSchema":"1a1c01bbd47fc00a2c39e90264f33305004495a9","hash":"60e0bb52f1af997226389cc3601e8a41858a39ba"}
,"/Users/nandhinir/learning/React-Jest/deck-of-cards/src/types.ts": {"path":"/Users/nandhinir/learning/React-Jest/deck-of-cards/src/types.ts","statementMap":{},"fnMap":{},"branchMap":{},"s":{},"f":{},"b":{}}
,"/Users/nandhinir/learning/React-Jest/deck-of-cards/src/utils.ts": {"path":"/Users/nandhinir/learning/React-Jest/deck-of-cards/src/utils.ts","statementMap":{"0":{"start":{"line":1,"column":21},"end":{"line":1,"column":62}},"1":{"start":{"line":2,"column":22},"end":{"line":2,"column":88}},"2":{"start":{"line":4,"column":35},"end":{"line":12,"column":1}},"3":{"start":{"line":5,"column":17},"end":{"line":5,"column":19}},"4":{"start":{"line":6,"column":4},"end":{"line":10,"column":5}},"5":{"start":{"line":7,"column":8},"end":{"line":9,"column":9}},"6":{"start":{"line":8,"column":12},"end":{"line":8,"column":39}},"7":{"start":{"line":11,"column":4},"end":{"line":11,"column":16}}},"fnMap":{"0":{"name":"(anonymous_0)","decl":{"start":{"line":4,"column":35},"end":{"line":4,"column":36}},"loc":{"start":{"line":4,"column":41},"end":{"line":12,"column":1}},"line":4}},"branchMap":{},"s":{"0":3,"1":3,"2":3,"3":3,"4":3,"5":12,"6":156,"7":3},"f":{"0":3},"b":{},"_coverageSchema":"1a1c01bbd47fc00a2c39e90264f33305004495a9","hash":"ebfb52b0b9cd22f64c13f9564a35ba20ea62c418"}
,"/Users/nandhinir/learning/React-Jest/deck-of-cards/src/components/Button/Button.tsx": {"path":"/Users/nandhinir/learning/React-Jest/deck-of-cards/src/components/Button/Button.tsx","statementMap":{"0":{"start":{"line":11,"column":15},"end":{"line":22,"column":1}},"1":{"start":{"line":12,"column":2},"end":{"line":21,"column":4}}},"fnMap":{"0":{"name":"(anonymous_0)","decl":{"start":{"line":11,"column":15},"end":{"line":11,"column":16}},"loc":{"start":{"line":11,"column":76},"end":{"line":22,"column":1}},"line":11}},"branchMap":{"0":{"loc":{"start":{"line":16,"column":24},"end":{"line":16,"column":52}},"type":"cond-expr","locations":[{"start":{"line":16,"column":34},"end":{"line":16,"column":47}},{"start":{"line":16,"column":50},"end":{"line":16,"column":52}}],"line":16}},"s":{"0":3,"1":71},"f":{"0":71},"b":{"0":[22,49]},"_coverageSchema":"1a1c01bbd47fc00a2c39e90264f33305004495a9","hash":"2913044f20801a1949d11b1dc2c41c9875570408"}
,"/Users/nandhinir/learning/React-Jest/deck-of-cards/src/components/Card/Card.tsx": {"path":"/Users/nandhinir/learning/React-Jest/deck-of-cards/src/components/Card/Card.tsx","statementMap":{"0":{"start":{"line":10,"column":13},"end":{"line":29,"column":1}},"1":{"start":{"line":11,"column":27},"end":{"line":11,"column":58}},"2":{"start":{"line":12,"column":20},"end":{"line":12,"column":42}},"3":{"start":{"line":13,"column":2},"end":{"line":28,"column":4}}},"fnMap":{"0":{"name":"(anonymous_0)","decl":{"start":{"line":10,"column":13},"end":{"line":10,"column":14}},"loc":{"start":{"line":10,"column":53},"end":{"line":29,"column":1}},"line":10}},"branchMap":{"0":{"loc":{"start":{"line":14,"column":34},"end":{"line":14,"column":64}},"type":"cond-expr","locations":[{"start":{"line":14,"column":50},"end":{"line":14,"column":59}},{"start":{"line":14,"column":62},"end":{"line":14,"column":64}}],"line":14},"1":{"loc":{"start":{"line":18,"column":12},"end":{"line":18,"column":80}},"type":"cond-expr","locations":[{"start":{"line":18,"column":65},"end":{"line":18,"column":75}},{"start":{"line":18,"column":78},"end":{"line":18,"column":80}}],"line":18},"2":{"loc":{"start":{"line":18,"column":12},"end":{"line":18,"column":62}},"type":"binary-expr","locations":[{"start":{"line":18,"column":12},"end":{"line":18,"column":34}},{"start":{"line":18,"column":38},"end":{"line":18,"column":62}}],"line":18}},"s":{"0":3,"1":1144,"2":1144,"3":1144},"f":{"0":1144},"b":{"0":[0,1144],"1":[572,572],"2":[1144,858]},"_coverageSchema":"1a1c01bbd47fc00a2c39e90264f33305004495a9","hash":"a476dc02d3067a48cfec6f6caedb8536ec5898df"}
,"/Users/nandhinir/learning/React-Jest/deck-of-cards/src/components/DeckOfCards/DeckOfCards.tsx": {"path":"/Users/nandhinir/learning/React-Jest/deck-of-cards/src/components/DeckOfCards/DeckOfCards.tsx","statementMap":{"0":{"start":{"line":14,"column":20},"end":{"line":45,"column":1}},"1":{"start":{"line":21,"column":2},"end":{"line":44,"column":4}},"2":{"start":{"line":30,"column":12},"end":{"line":37,"column":18}}},"fnMap":{"0":{"name":"(anonymous_0)","decl":{"start":{"line":14,"column":20},"end":{"line":14,"column":21}},"loc":{"start":{"line":20,"column":24},"end":{"line":45,"column":1}},"line":20},"1":{"name":"(anonymous_1)","decl":{"start":{"line":29,"column":19},"end":{"line":29,"column":20}},"loc":{"start":{"line":30,"column":12},"end":{"line":37,"column":18}},"line":30}},"branchMap":{"0":{"loc":{"start":{"line":25,"column":9},"end":{"line":25,"column":62}},"type":"binary-expr","locations":[{"start":{"line":25,"column":9},"end":{"line":25,"column":15}},{"start":{"line":25,"column":19},"end":{"line":25,"column":62}}],"line":25},"1":{"loc":{"start":{"line":28,"column":9},"end":{"line":41,"column":9}},"type":"cond-expr","locations":[{"start":{"line":29,"column":10},"end":{"line":38,"column":12}},{"start":{"line":40,"column":10},"end":{"line":40,"column":54}}],"line":28}},"s":{"0":3,"1":44,"2":1144},"f":{"0":44,"1":1144},"b":{"0":[44,27],"1":[27,17]},"_coverageSchema":"1a1c01bbd47fc00a2c39e90264f33305004495a9","hash":"10e6fe392dca616cff0c7d9d87d7afffab20a173"}
,"/Users/nandhinir/learning/React-Jest/deck-of-cards/src/features/CardsPage/CardsPage.tsx": {"path":"/Users/nandhinir/learning/React-Jest/deck-of-cards/src/features/CardsPage/CardsPage.tsx","statementMap":{"0":{"start":{"line":8,"column":39},"end":{"line":8,"column":60}},"1":{"start":{"line":9,"column":26},"end":{"line":9,"column":28}},"2":{"start":{"line":11,"column":18},"end":{"line":127,"column":1}},"3":{"start":{"line":12,"column":26},"end":{"line":12,"column":66}},"4":{"start":{"line":13,"column":36},"end":{"line":13,"column":60}},"5":{"start":{"line":14,"column":32},"end":{"line":14,"column":56}},"6":{"start":{"line":15,"column":40},"end":{"line":15,"column":63}},"7":{"start":{"line":16,"column":48},"end":{"line":18,"column":3}},"8":{"start":{"line":21,"column":22},"end":{"line":24,"column":3}},"9":{"start":{"line":22,"column":25},"end":{"line":22,"column":66}},"10":{"start":{"line":22,"column":46},"end":{"line":22,"column":65}},"11":{"start":{"line":23,"column":4},"end":{"line":23,"column":26}},"12":{"start":{"line":27,"column":22},"end":{"line":33,"column":3}},"13":{"start":{"line":28,"column":24},"end":{"line":28,"column":33}},"14":{"start":{"line":29,"column":23},"end":{"line":29,"column":55}},"15":{"start":{"line":30,"column":22},"end":{"line":30,"column":51}},"16":{"start":{"line":31,"column":4},"end":{"line":31,"column":48}},"17":{"start":{"line":32,"column":4},"end":{"line":32,"column":23}},"18":{"start":{"line":36,"column":23},"end":{"line":45,"column":3}},"19":{"start":{"line":37,"column":4},"end":{"line":37,"column":23}},"20":{"start":{"line":38,"column":4},"end":{"line":44,"column":5}},"21":{"start":{"line":39,"column":6},"end":{"line":39,"column":23}},"22":{"start":{"line":41,"column":6},"end":{"line":41,"column":35}},"23":{"start":{"line":42,"column":6},"end":{"line":42,"column":44}},"24":{"start":{"line":43,"column":6},"end":{"line":43,"column":27}},"25":{"start":{"line":47,"column":19},"end":{"line":54,"column":3}},"26":{"start":{"line":48,"column":4},"end":{"line":48,"column":39}},"27":{"start":{"line":49,"column":4},"end":{"line":53,"column":5}},"28":{"start":{"line":50,"column":6},"end":{"line":50,"column":23}},"29":{"start":{"line":52,"column":6},"end":{"line":52,"column":24}},"30":{"start":{"line":57,"column":24},"end":{"line":67,"column":3}},"31":{"start":{"line":58,"column":19},"end":{"line":64,"column":6}},"32":{"start":{"line":59,"column":29},"end":{"line":59,"column":74}},"33":{"start":{"line":60,"column":6},"end":{"line":62,"column":7}},"34":{"start":{"line":61,"column":8},"end":{"line":61,"column":30}},"35":{"start":{"line":63,"column":6},"end":{"line":63,"column":63}},"36":{"start":{"line":65,"column":4},"end":{"line":65,"column":58}},"37":{"start":{"line":66,"column":4},"end":{"line":66,"column":33}},"38":{"start":{"line":70,"column":20},"end":{"line":76,"column":3}},"39":{"start":{"line":71,"column":4},"end":{"line":71,"column":32}},"40":{"start":{"line":72,"column":4},"end":{"line":72,"column":21}},"41":{"start":{"line":73,"column":4},"end":{"line":73,"column":22}},"42":{"start":{"line":74,"column":4},"end":{"line":74,"column":25}},"43":{"start":{"line":75,"column":4},"end":{"line":75,"column":42}},"44":{"start":{"line":78,"column":2},"end":{"line":126,"column":4}}},"fnMap":{"0":{"name":"(anonymous_0)","decl":{"start":{"line":11,"column":18},"end":{"line":11,"column":19}},"loc":{"start":{"line":11,"column":24},"end":{"line":127,"column":1}},"line":11},"1":{"name":"(anonymous_1)","decl":{"start":{"line":21,"column":22},"end":{"line":21,"column":23}},"loc":{"start":{"line":21,"column":28},"end":{"line":24,"column":3}},"line":21},"2":{"name":"(anonymous_2)","decl":{"start":{"line":22,"column":40},"end":{"line":22,"column":41}},"loc":{"start":{"line":22,"column":46},"end":{"line":22,"column":65}},"line":22},"3":{"name":"(anonymous_3)","decl":{"start":{"line":27,"column":22},"end":{"line":27,"column":23}},"loc":{"start":{"line":27,"column":46},"end":{"line":33,"column":3}},"line":27},"4":{"name":"(anonymous_4)","decl":{"start":{"line":36,"column":23},"end":{"line":36,"column":24}},"loc":{"start":{"line":36,"column":35},"end":{"line":45,"column":3}},"line":36},"5":{"name":"(anonymous_5)","decl":{"start":{"line":47,"column":19},"end":{"line":47,"column":20}},"loc":{"start":{"line":47,"column":31},"end":{"line":54,"column":3}},"line":47},"6":{"name":"(anonymous_6)","decl":{"start":{"line":57,"column":24},"end":{"line":57,"column":25}},"loc":{"start":{"line":57,"column":30},"end":{"line":67,"column":3}},"line":57},"7":{"name":"(anonymous_7)","decl":{"start":{"line":58,"column":39},"end":{"line":58,"column":40}},"loc":{"start":{"line":58,"column":49},"end":{"line":64,"column":5}},"line":58},"8":{"name":"(anonymous_8)","decl":{"start":{"line":70,"column":20},"end":{"line":70,"column":21}},"loc":{"start":{"line":70,"column":26},"end":{"line":76,"column":3}},"line":70}},"branchMap":{"0":{"loc":{"start":{"line":38,"column":4},"end":{"line":44,"column":5}},"type":"if","locations":[{"start":{"line":38,"column":4},"end":{"line":44,"column":5}},{"start":{"line":40,"column":11},"end":{"line":44,"column":5}}],"line":38},"1":{"loc":{"start":{"line":49,"column":4},"end":{"line":53,"column":5}},"type":"if","locations":[{"start":{"line":49,"column":4},"end":{"line":53,"column":5}},{"start":{"line":51,"column":11},"end":{"line":53,"column":5}}],"line":49},"2":{"loc":{"start":{"line":49,"column":8},"end":{"line":49,"column":58}},"type":"binary-expr","locations":[{"start":{"line":49,"column":8},"end":{"line":49,"column":36}},{"start":{"line":49,"column":40},"end":{"line":49,"column":58}}],"line":49},"3":{"loc":{"start":{"line":60,"column":6},"end":{"line":62,"column":7}},"type":"if","locations":[{"start":{"line":60,"column":6},"end":{"line":62,"column":7}},{"start":{},"end":{}}],"line":60},"4":{"loc":{"start":{"line":65,"column":17},"end":{"line":65,"column":56}},"type":"cond-expr","locations":[{"start":{"line":65,"column":31},"end":{"line":65,"column":37}},{"start":{"line":65,"column":40},"end":{"line":65,"column":56}}],"line":65},"5":{"loc":{"start":{"line":90,"column":12},"end":{"line":90,"column":78}},"type":"binary-expr","locations":[{"start":{"line":90,"column":12},"end":{"line":90,"column":27}},{"start":{"line":90,"column":31},"end":{"line":90,"column":78}}],"line":90},"6":{"loc":{"start":{"line":97,"column":28},"end":{"line":97,"column":56}},"type":"cond-expr","locations":[{"start":{"line":97,"column":38},"end":{"line":97,"column":51}},{"start":{"line":97,"column":54},"end":{"line":97,"column":56}}],"line":97},"7":{"loc":{"start":{"line":104,"column":13},"end":{"line":110,"column":13}},"type":"binary-expr","locations":[{"start":{"line":104,"column":13},"end":{"line":104,"column":20}},{"start":{"line":105,"column":14},"end":{"line":109,"column":18}}],"line":104},"8":{"loc":{"start":{"line":106,"column":17},"end":{"line":108,"column":47}},"type":"cond-expr","locations":[{"start":{"line":107,"column":20},"end":{"line":107,"column":70}},{"start":{"line":108,"column":20},"end":{"line":108,"column":47}}],"line":106},"9":{"loc":{"start":{"line":119,"column":12},"end":{"line":121,"column":13}},"type":"binary-expr","locations":[{"start":{"line":119,"column":12},"end":{"line":119,"column":32}},{"start":{"line":120,"column":14},"end":{"line":120,"column":60}}],"line":119}},"s":{"0":3,"1":3,"2":3,"3":22,"4":22,"5":22,"6":22,"7":22,"8":22,"9":2,"10":446,"11":2,"12":22,"13":4,"14":4,"15":4,"16":4,"17":4,"18":22,"19":5,"20":5,"21":1,"22":4,"23":4,"24":4,"25":22,"26":5,"27":5,"28":1,"29":4,"30":22,"31":2,"32":8,"33":8,"34":6,"35":2,"36":2,"37":2,"38":22,"39":1,"40":1,"41":1,"42":1,"43":1,"44":22},"f":{"0":22,"1":2,"2":446,"3":4,"4":5,"5":5,"6":2,"7":8,"8":1},"b":{"0":[1,4],"1":[1,4],"2":[5,4],"3":[6,2],"4":[1,1],"5":[22,20],"6":[2,20],"7":[22,2],"8":[1,1],"9":[22,7]},"_coverageSchema":"1a1c01bbd47fc00a2c39e90264f33305004495a9","hash":"4836f88e97baece11e0d4da51e0005be46cc0ebb"}
}
