TN:
SF:src/App.tsx
FN:4,App
FNF:1
FNH:1
FNDA:1,App
DA:5,1
LF:1
LH:1
BRF:0
BRH:0
end_of_record
TN:
SF:src/cardEntities.ts
FNF:0
FNH:0
DA:1,3
LF:1
LH:1
BRF:0
BRH:0
end_of_record
TN:
SF:src/index.tsx
FNF:0
FNH:0
DA:7,1
DA:10,1
DA:19,1
LF:3
LH:3
BRF:0
BRH:0
end_of_record
TN:
SF:src/types.ts
FNF:0
FNH:0
LF:0
LH:0
BRF:0
BRH:0
end_of_record
TN:
SF:src/utils.ts
FN:4,(anonymous_0)
FNF:1
FNH:1
FNDA:3,(anonymous_0)
DA:1,3
DA:2,3
DA:4,3
DA:5,3
DA:6,3
DA:7,12
DA:8,156
DA:11,3
LF:8
LH:8
BRF:0
BRH:0
end_of_record
TN:
SF:src/components/Button/Button.tsx
FN:11,(anonymous_0)
FNF:1
FNH:1
FNDA:71,(anonymous_0)
DA:11,3
DA:12,71
LF:2
LH:2
BRDA:16,0,0,22
BRDA:16,0,1,49
BRF:2
BRH:2
end_of_record
TN:
SF:src/components/Card/Card.tsx
FN:10,(anonymous_0)
FNF:1
FNH:1
FNDA:1144,(anonymous_0)
DA:10,3
DA:11,1144
DA:12,1144
DA:13,1144
LF:4
LH:4
BRDA:14,0,0,0
BRDA:14,0,1,1144
BRDA:18,1,0,572
BRDA:18,1,1,572
BRDA:18,2,0,1144
BRDA:18,2,1,858
BRF:6
BRH:5
end_of_record
TN:
SF:src/components/DeckOfCards/DeckOfCards.tsx
FN:14,(anonymous_0)
FN:29,(anonymous_1)
FNF:2
FNH:2
FNDA:44,(anonymous_0)
FNDA:1144,(anonymous_1)
DA:14,3
DA:21,44
DA:30,1144
LF:3
LH:3
BRDA:25,0,0,44
BRDA:25,0,1,27
BRDA:28,1,0,27
BRDA:28,1,1,17
BRF:4
BRH:4
end_of_record
TN:
SF:src/features/CardsPage/CardsPage.tsx
FN:11,(anonymous_0)
FN:21,(anonymous_1)
FN:22,(anonymous_2)
FN:27,(anonymous_3)
FN:36,(anonymous_4)
FN:47,(anonymous_5)
FN:57,(anonymous_6)
FN:58,(anonymous_7)
FN:70,(anonymous_8)
FNF:9
FNH:9
FNDA:22,(anonymous_0)
FNDA:2,(anonymous_1)
FNDA:446,(anonymous_2)
FNDA:4,(anonymous_3)
FNDA:5,(anonymous_4)
FNDA:5,(anonymous_5)
FNDA:2,(anonymous_6)
FNDA:8,(anonymous_7)
FNDA:1,(anonymous_8)
DA:8,3
DA:9,3
DA:11,3
DA:12,22
DA:13,22
DA:14,22
DA:15,22
DA:16,22
DA:21,22
DA:22,446
DA:23,2
DA:27,22
DA:28,4
DA:29,4
DA:30,4
DA:31,4
DA:32,4
DA:36,22
DA:37,5
DA:38,5
DA:39,1
DA:41,4
DA:42,4
DA:43,4
DA:47,22
DA:48,5
DA:49,5
DA:50,1
DA:52,4
DA:57,22
DA:58,2
DA:59,8
DA:60,8
DA:61,6
DA:63,2
DA:65,2
DA:66,2
DA:70,22
DA:71,1
DA:72,1
DA:73,1
DA:74,1
DA:75,1
DA:78,22
LF:44
LH:44
BRDA:38,0,0,1
BRDA:38,0,1,4
BRDA:49,1,0,1
BRDA:49,1,1,4
BRDA:49,2,0,5
BRDA:49,2,1,4
BRDA:60,3,0,6
BRDA:60,3,1,2
BRDA:65,4,0,1
BRDA:65,4,1,1
BRDA:90,5,0,22
BRDA:90,5,1,20
BRDA:97,6,0,2
BRDA:97,6,1,20
BRDA:104,7,0,22
BRDA:104,7,1,2
BRDA:106,8,0,1
BRDA:106,8,1,1
BRDA:119,9,0,22
BRDA:119,9,1,7
BRF:20
BRH:20
end_of_record
